lib-vpi/build/outputs/logs/manifest-merger-release-report.txt
-- Merging decision tree log ---
manifest
ADDED from src\main\AndroidManifest.xml:3:1-9:12
INJECTED from src\main\AndroidManifest.xml:3:1-9:12
INJECTED from src\main\AndroidManifest.xml:3:1-9:12
INJECTED from src\main\AndroidManifest.xml:3:1-9:12
INJECTED from src\main\AndroidManifest.xml:3:1-9:12
INJECTED from src\main\AndroidManifest.xml:3:1-9:12
INJECTED from src\main\AndroidManifest.xml:3:1-9:12
	package
		ADDED from src\main\AndroidManifest.xml:4:5-37
		INJECTED from src\main\AndroidManifest.xml
		INJECTED from src\main\AndroidManifest.xml
	android:versionName
		ADDED from src\main\AndroidManifest.xml:6:5-32
		INJECTED from src\main\AndroidManifest.xml
		INJECTED from src\main\AndroidManifest.xml
	xmlns:android
		ADDED from src\main\AndroidManifest.xml:3:11-69
	android:versionCode
		ADDED from src\main\AndroidManifest.xml:5:5-29
		INJECTED from src\main\AndroidManifest.xml
		INJECTED from src\main\AndroidManifest.xml
uses-sdk
ADDED from src\main\AndroidManifest.xml:8:5-43
INJECTED from src\main\AndroidManifest.xml:8:5-43
INJECTED from src\main\AndroidManifest.xml:8:5-43
INJECTED from src\main\AndroidManifest.xml:8:5-43
INJECTED from src\main\AndroidManifest.xml:8:5-43
	android:targetSdkVersion
		INJECTED from src\main\AndroidManifest.xml
		ADDED from src\main\AndroidManifest.xml:8:5-43
		INJECTED from src\main\AndroidManifest.xml
	android:minSdkVersion
		ADDED from src\main\AndroidManifest.xml:8:15-40
		INJECTED from src\main\AndroidManifest.xml
		INJECTED from src\main\AndroidManifest.xml